{"/Users/sth1pal/Documents/Development/JavaScript/nodejs/ts6/dev/hsLibs/node/hsOsaES6/src/osaCommands.ts": {"path":"/Users/sth1pal/Documents/Development/JavaScript/nodejs/ts6/dev/hsLibs/node/hsOsaES6/src/osaCommands.ts","statementMap":{"0":{"start":{"line":7,"column":0},"end":{"line":7,"column":37}},"1":{"start":{"line":8,"column":0},"end":{"line":8,"column":37}},"2":{"start":{"line":8,"column":52},"end":{"line":8,"column":70}},"3":{"start":{"line":9,"column":0},"end":{"line":9,"column":41}},"4":{"start":{"line":10,"column":0},"end":{"line":10,"column":39}},"5":{"start":{"line":18,"column":24},"end":{"line":29,"column":1}},"6":{"start":{"line":19,"column":4},"end":{"line":28,"column":6}},"7":{"start":{"line":20,"column":8},"end":{"line":20,"column":99}},"8":{"start":{"line":20,"column":32},"end":{"line":20,"column":97}},"9":{"start":{"line":21,"column":8},"end":{"line":27,"column":9}},"10":{"start":{"line":22,"column":12},"end":{"line":22,"column":100}},"11":{"start":{"line":23,"column":12},"end":{"line":23,"column":45}},"12":{"start":{"line":25,"column":12},"end":{"line":25,"column":61}},"13":{"start":{"line":26,"column":12},"end":{"line":26,"column":19}},"14":{"start":{"line":35,"column":21},"end":{"line":40,"column":1}},"15":{"start":{"line":36,"column":4},"end":{"line":39,"column":6}},"16":{"start":{"line":37,"column":8},"end":{"line":37,"column":34}},"17":{"start":{"line":38,"column":8},"end":{"line":38,"column":30}},"18":{"start":{"line":49,"column":13},"end":{"line":231,"column":2}},"19":{"start":{"line":57,"column":8},"end":{"line":57,"column":134}},"20":{"start":{"line":58,"column":8},"end":{"line":60,"column":62}},"21":{"start":{"line":72,"column":8},"end":{"line":72,"column":154}},"22":{"start":{"line":73,"column":8},"end":{"line":75,"column":60}},"23":{"start":{"line":87,"column":8},"end":{"line":87,"column":36}},"24":{"start":{"line":88,"column":8},"end":{"line":90,"column":48}},"25":{"start":{"line":99,"column":8},"end":{"line":99,"column":60}},"26":{"start":{"line":100,"column":8},"end":{"line":101,"column":56}},"27":{"start":{"line":110,"column":8},"end":{"line":110,"column":45}},"28":{"start":{"line":111,"column":8},"end":{"line":114,"column":51}},"29":{"start":{"line":113,"column":24},"end":{"line":113,"column":42}},"30":{"start":{"line":123,"column":8},"end":{"line":123,"column":48}},"31":{"start":{"line":124,"column":8},"end":{"line":130,"column":54}},"32":{"start":{"line":127,"column":16},"end":{"line":127,"column":56}},"33":{"start":{"line":128,"column":16},"end":{"line":128,"column":44}},"34":{"start":{"line":139,"column":8},"end":{"line":139,"column":48}},"35":{"start":{"line":140,"column":8},"end":{"line":146,"column":60}},"36":{"start":{"line":143,"column":16},"end":{"line":143,"column":56}},"37":{"start":{"line":144,"column":16},"end":{"line":144,"column":44}},"38":{"start":{"line":156,"column":16},"end":{"line":156,"column":37}},"39":{"start":{"line":157,"column":8},"end":{"line":157,"column":45}},"40":{"start":{"line":157,"column":19},"end":{"line":157,"column":43}},"41":{"start":{"line":158,"column":8},"end":{"line":158,"column":47}},"42":{"start":{"line":159,"column":8},"end":{"line":165,"column":52}},"43":{"start":{"line":162,"column":16},"end":{"line":162,"column":56}},"44":{"start":{"line":163,"column":16},"end":{"line":163,"column":44}},"45":{"start":{"line":174,"column":22},"end":{"line":174,"column":43}},"46":{"start":{"line":175,"column":8},"end":{"line":175,"column":82}},"47":{"start":{"line":175,"column":26},"end":{"line":175,"column":80}},"48":{"start":{"line":176,"column":8},"end":{"line":176,"column":54}},"49":{"start":{"line":177,"column":8},"end":{"line":182,"column":54}},"50":{"start":{"line":179,"column":16},"end":{"line":179,"column":95}},"51":{"start":{"line":180,"column":16},"end":{"line":180,"column":57}},"52":{"start":{"line":191,"column":8},"end":{"line":191,"column":52}},"53":{"start":{"line":192,"column":8},"end":{"line":194,"column":59}},"54":{"start":{"line":203,"column":8},"end":{"line":203,"column":48}},"55":{"start":{"line":204,"column":8},"end":{"line":206,"column":55}},"56":{"start":{"line":215,"column":8},"end":{"line":215,"column":36}},"57":{"start":{"line":216,"column":8},"end":{"line":218,"column":54}},"58":{"start":{"line":226,"column":8},"end":{"line":226,"column":35}},"59":{"start":{"line":227,"column":8},"end":{"line":229,"column":48}}},"fnMap":{"0":{"name":"(anonymous_0)","decl":{"start":{"line":18,"column":24},"end":{"line":18,"column":25}},"loc":{"start":{"line":18,"column":39},"end":{"line":29,"column":1}}},"1":{"name":"(anonymous_1)","decl":{"start":{"line":19,"column":11},"end":{"line":19,"column":12}},"loc":{"start":{"line":19,"column":63},"end":{"line":28,"column":5}}},"2":{"name":"(anonymous_2)","decl":{"start":{"line":35,"column":21},"end":{"line":35,"column":22}},"loc":{"start":{"line":35,"column":36},"end":{"line":40,"column":1}}},"3":{"name":"(anonymous_3)","decl":{"start":{"line":36,"column":11},"end":{"line":36,"column":12}},"loc":{"start":{"line":36,"column":60},"end":{"line":39,"column":5}}},"4":{"name":"(anonymous_4)","decl":{"start":{"line":56,"column":17},"end":{"line":56,"column":18}},"loc":{"start":{"line":56,"column":91},"end":{"line":61,"column":5}}},"5":{"name":"(anonymous_5)","decl":{"start":{"line":71,"column":15},"end":{"line":71,"column":16}},"loc":{"start":{"line":71,"column":95},"end":{"line":76,"column":5}}},"6":{"name":"(anonymous_6)","decl":{"start":{"line":86,"column":14},"end":{"line":86,"column":15}},"loc":{"start":{"line":86,"column":41},"end":{"line":91,"column":5}}},"7":{"name":"(anonymous_7)","decl":{"start":{"line":98,"column":14},"end":{"line":98,"column":15}},"loc":{"start":{"line":98,"column":46},"end":{"line":102,"column":5}}},"8":{"name":"(anonymous_8)","decl":{"start":{"line":109,"column":9},"end":{"line":109,"column":10}},"loc":{"start":{"line":109,"column":38},"end":{"line":115,"column":5}}},"9":{"name":"(anonymous_9)","decl":{"start":{"line":113,"column":18},"end":{"line":113,"column":20}},"loc":{"start":{"line":113,"column":24},"end":{"line":113,"column":42}}},"10":{"name":"(anonymous_10)","decl":{"start":{"line":122,"column":12},"end":{"line":122,"column":13}},"loc":{"start":{"line":122,"column":41},"end":{"line":131,"column":5}}},"11":{"name":"(anonymous_11)","decl":{"start":{"line":126,"column":18},"end":{"line":126,"column":23}},"loc":{"start":{"line":126,"column":27},"end":{"line":129,"column":13}}},"12":{"name":"(anonymous_12)","decl":{"start":{"line":138,"column":18},"end":{"line":138,"column":19}},"loc":{"start":{"line":138,"column":47},"end":{"line":147,"column":5}}},"13":{"name":"(anonymous_13)","decl":{"start":{"line":142,"column":18},"end":{"line":142,"column":23}},"loc":{"start":{"line":142,"column":27},"end":{"line":145,"column":13}}},"14":{"name":"(anonymous_14)","decl":{"start":{"line":155,"column":10},"end":{"line":155,"column":11}},"loc":{"start":{"line":155,"column":39},"end":{"line":166,"column":5}}},"15":{"name":"(anonymous_15)","decl":{"start":{"line":161,"column":18},"end":{"line":161,"column":23}},"loc":{"start":{"line":161,"column":27},"end":{"line":164,"column":13}}},"16":{"name":"(anonymous_16)","decl":{"start":{"line":173,"column":15},"end":{"line":173,"column":16}},"loc":{"start":{"line":173,"column":44},"end":{"line":183,"column":5}}},"17":{"name":"(anonymous_17)","decl":{"start":{"line":178,"column":18},"end":{"line":178,"column":23}},"loc":{"start":{"line":178,"column":27},"end":{"line":181,"column":17}}},"18":{"name":"(anonymous_18)","decl":{"start":{"line":190,"column":19},"end":{"line":190,"column":20}},"loc":{"start":{"line":190,"column":49},"end":{"line":195,"column":5}}},"19":{"name":"(anonymous_19)","decl":{"start":{"line":202,"column":15},"end":{"line":202,"column":16}},"loc":{"start":{"line":202,"column":45},"end":{"line":207,"column":5}}},"20":{"name":"(anonymous_20)","decl":{"start":{"line":214,"column":15},"end":{"line":214,"column":30}},"loc":{"start":{"line":214,"column":33},"end":{"line":219,"column":5}}},"21":{"name":"(anonymous_21)","decl":{"start":{"line":225,"column":13},"end":{"line":225,"column":28}},"loc":{"start":{"line":225,"column":31},"end":{"line":230,"column":5}}}},"branchMap":{"0":{"loc":{"start":{"line":20,"column":8},"end":{"line":20,"column":99}},"type":"if","locations":[{"start":{"line":20,"column":8},"end":{"line":20,"column":99}},{"start":{"line":20,"column":8},"end":{"line":20,"column":99}}]},"1":{"loc":{"start":{"line":21,"column":8},"end":{"line":27,"column":9}},"type":"if","locations":[{"start":{"line":21,"column":8},"end":{"line":27,"column":9}},{"start":{"line":21,"column":8},"end":{"line":27,"column":9}}]},"2":{"loc":{"start":{"line":57,"column":98},"end":{"line":57,"column":116}},"type":"cond-expr","locations":[{"start":{"line":57,"column":98},"end":{"line":57,"column":116}},{"start":{"line":57,"column":117},"end":{"line":57,"column":118}}]},"3":{"loc":{"start":{"line":71,"column":53},"end":{"line":71,"column":55}},"type":"default-arg","locations":[{"start":{"line":71,"column":53},"end":{"line":71,"column":55}}]},"4":{"loc":{"start":{"line":72,"column":118},"end":{"line":72,"column":136}},"type":"cond-expr","locations":[{"start":{"line":72,"column":118},"end":{"line":72,"column":136}},{"start":{"line":72,"column":137},"end":{"line":72,"column":138}}]},"5":{"loc":{"start":{"line":128,"column":31},"end":{"line":128,"column":35}},"type":"cond-expr","locations":[{"start":{"line":128,"column":31},"end":{"line":128,"column":35}},{"start":{"line":128,"column":38},"end":{"line":128,"column":43}}]},"6":{"loc":{"start":{"line":144,"column":31},"end":{"line":144,"column":35}},"type":"cond-expr","locations":[{"start":{"line":144,"column":31},"end":{"line":144,"column":35}},{"start":{"line":144,"column":38},"end":{"line":144,"column":43}}]},"7":{"loc":{"start":{"line":157,"column":8},"end":{"line":157,"column":45}},"type":"if","locations":[{"start":{"line":157,"column":8},"end":{"line":157,"column":45}},{"start":{"line":157,"column":8},"end":{"line":157,"column":45}}]},"8":{"loc":{"start":{"line":163,"column":31},"end":{"line":163,"column":36}},"type":"cond-expr","locations":[{"start":{"line":163,"column":31},"end":{"line":163,"column":36}},{"start":{"line":163,"column":39},"end":{"line":163,"column":43}}]},"9":{"loc":{"start":{"line":175,"column":8},"end":{"line":175,"column":82}},"type":"if","locations":[{"start":{"line":175,"column":8},"end":{"line":175,"column":82}},{"start":{"line":175,"column":8},"end":{"line":175,"column":82}}]}},"s":{"0":1,"1":1,"2":1,"3":1,"4":1,"5":1,"6":6,"7":5,"8":0,"9":5,"10":5,"11":5,"12":0,"13":0,"14":1,"15":7,"16":1,"17":1,"18":1,"19":0,"20":0,"21":0,"22":0,"23":0,"24":0,"25":0,"26":0,"27":0,"28":0,"29":0,"30":2,"31":2,"32":2,"33":2,"34":0,"35":0,"36":0,"37":0,"38":1,"39":1,"40":0,"41":1,"42":1,"43":1,"44":1,"45":1,"46":1,"47":0,"48":1,"49":1,"50":1,"51":1,"52":1,"53":1,"54":1,"55":1,"56":1,"57":1,"58":0,"59":0},"f":{"0":6,"1":5,"2":7,"3":1,"4":0,"5":0,"6":0,"7":0,"8":0,"9":0,"10":2,"11":2,"12":0,"13":0,"14":1,"15":1,"16":1,"17":1,"18":1,"19":1,"20":1,"21":0},"b":{"0":[0,5],"1":[5,0],"2":[0,0],"3":[0],"4":[0,0],"5":[2,0],"6":[0,0],"7":[0,1],"8":[1,0],"9":[0,1]}}
,"/Users/sth1pal/Documents/Development/JavaScript/nodejs/ts6/dev/hsLibs/node/hsOsaES6/src/osaLib.ts": {"path":"/Users/sth1pal/Documents/Development/JavaScript/nodejs/ts6/dev/hsLibs/node/hsOsaES6/src/osaLib.ts","statementMap":{"0":{"start":{"line":2,"column":0},"end":{"line":2,"column":27}},"1":{"start":{"line":3,"column":0},"end":{"line":3,"column":28}},"2":{"start":{"line":3,"column":43},"end":{"line":3,"column":56}},"3":{"start":{"line":10,"column":25},"end":{"line":10,"column":37}},"4":{"start":{"line":11,"column":25},"end":{"line":11,"column":38}},"5":{"start":{"line":14,"column":16},"end":{"line":14,"column":88}},"6":{"start":{"line":15,"column":20},"end":{"line":15,"column":37}},"7":{"start":{"line":16,"column":4},"end":{"line":16,"column":55}},"8":{"start":{"line":13,"column":0},"end":{"line":17,"column":1}},"9":{"start":{"line":29,"column":21},"end":{"line":29,"column":68}},"10":{"start":{"line":29,"column":35},"end":{"line":29,"column":57}},"11":{"start":{"line":30,"column":4},"end":{"line":30,"column":48}},"12":{"start":{"line":33,"column":28},"end":{"line":40,"column":23}},"13":{"start":{"line":44,"column":4},"end":{"line":44,"column":38}},"14":{"start":{"line":45,"column":31},"end":{"line":45,"column":118}},"15":{"start":{"line":46,"column":24},"end":{"line":51,"column":27}},"16":{"start":{"line":51,"column":18},"end":{"line":51,"column":26}},"17":{"start":{"line":52,"column":24},"end":{"line":52,"column":101}},"18":{"start":{"line":52,"column":74},"end":{"line":52,"column":91}},"19":{"start":{"line":54,"column":4},"end":{"line":54,"column":29}},"20":{"start":{"line":56,"column":4},"end":{"line":65,"column":11}},"21":{"start":{"line":58,"column":30},"end":{"line":58,"column":56}},"22":{"start":{"line":59,"column":12},"end":{"line":59,"column":63}},"23":{"start":{"line":62,"column":26},"end":{"line":62,"column":83}},"24":{"start":{"line":63,"column":28},"end":{"line":63,"column":124}},"25":{"start":{"line":64,"column":12},"end":{"line":64,"column":33}},"26":{"start":{"line":23,"column":0},"end":{"line":66,"column":1}}},"fnMap":{"0":{"name":"extractLogs","decl":{"start":{"line":13,"column":0},"end":{"line":13,"column":28}},"loc":{"start":{"line":13,"column":42},"end":{"line":17,"column":1}}},"1":{"name":"osaJS","decl":{"start":{"line":23,"column":0},"end":{"line":23,"column":22}},"loc":{"start":{"line":23,"column":54},"end":{"line":66,"column":1}}},"2":{"name":"(anonymous_2)","decl":{"start":{"line":29,"column":30},"end":{"line":29,"column":31}},"loc":{"start":{"line":29,"column":35},"end":{"line":29,"column":57}}},"3":{"name":"(anonymous_3)","decl":{"start":{"line":51,"column":13},"end":{"line":51,"column":14}},"loc":{"start":{"line":51,"column":18},"end":{"line":51,"column":26}}},"4":{"name":"(anonymous_4)","decl":{"start":{"line":52,"column":69},"end":{"line":52,"column":70}},"loc":{"start":{"line":52,"column":74},"end":{"line":52,"column":91}}},"5":{"name":"(anonymous_5)","decl":{"start":{"line":57,"column":14},"end":{"line":57,"column":15}},"loc":{"start":{"line":57,"column":56},"end":{"line":60,"column":9}}},"6":{"name":"(anonymous_6)","decl":{"start":{"line":61,"column":15},"end":{"line":61,"column":16}},"loc":{"start":{"line":61,"column":27},"end":{"line":65,"column":9}}}},"branchMap":{"0":{"loc":{"start":{"line":16,"column":20},"end":{"line":16,"column":47}},"type":"cond-expr","locations":[{"start":{"line":16,"column":20},"end":{"line":16,"column":47}},{"start":{"line":16,"column":50},"end":{"line":16,"column":54}}]},"1":{"loc":{"start":{"line":63,"column":36},"end":{"line":63,"column":41}},"type":"cond-expr","locations":[{"start":{"line":63,"column":36},"end":{"line":63,"column":41}},{"start":{"line":63,"column":44},"end":{"line":63,"column":124}}]}},"s":{"0":1,"1":1,"2":1,"3":1,"4":1,"5":5,"6":5,"7":5,"8":1,"9":6,"10":5,"11":6,"12":6,"13":6,"14":6,"15":6,"16":48,"17":6,"18":48,"19":6,"20":6,"21":5,"22":5,"23":1,"24":1,"25":1,"26":1},"f":{"0":5,"1":6,"2":5,"3":48,"4":48,"5":5,"6":1},"b":{"0":[0,5],"1":[0,1]}}
}
