{"/Users/sth1pal/Documents/Development/JavaScript/nodejs/ts6/dev/hsLibs/node/hsOsaES6/src/osaCommands.ts": {"path":"/Users/sth1pal/Documents/Development/JavaScript/nodejs/ts6/dev/hsLibs/node/hsOsaES6/src/osaCommands.ts","statementMap":{"0":{"start":{"line":7,"column":0},"end":{"line":7,"column":39}},"1":{"start":{"line":8,"column":0},"end":{"line":8,"column":37}},"2":{"start":{"line":8,"column":52},"end":{"line":8,"column":71}},"3":{"start":{"line":9,"column":0},"end":{"line":9,"column":41}},"4":{"start":{"line":10,"column":0},"end":{"line":10,"column":39}},"5":{"start":{"line":12,"column":13},"end":{"line":12,"column":36}},"6":{"start":{"line":19,"column":24},"end":{"line":30,"column":1}},"7":{"start":{"line":20,"column":4},"end":{"line":29,"column":6}},"8":{"start":{"line":21,"column":8},"end":{"line":21,"column":99}},"9":{"start":{"line":21,"column":32},"end":{"line":21,"column":97}},"10":{"start":{"line":22,"column":8},"end":{"line":28,"column":9}},"11":{"start":{"line":23,"column":12},"end":{"line":23,"column":100}},"12":{"start":{"line":24,"column":12},"end":{"line":24,"column":45}},"13":{"start":{"line":26,"column":12},"end":{"line":26,"column":61}},"14":{"start":{"line":27,"column":12},"end":{"line":27,"column":19}},"15":{"start":{"line":36,"column":21},"end":{"line":41,"column":1}},"16":{"start":{"line":37,"column":4},"end":{"line":40,"column":6}},"17":{"start":{"line":38,"column":8},"end":{"line":38,"column":34}},"18":{"start":{"line":39,"column":8},"end":{"line":39,"column":30}},"19":{"start":{"line":50,"column":13},"end":{"line":233,"column":2}},"20":{"start":{"line":58,"column":8},"end":{"line":58,"column":134}},"21":{"start":{"line":59,"column":8},"end":{"line":61,"column":62}},"22":{"start":{"line":73,"column":8},"end":{"line":73,"column":154}},"23":{"start":{"line":74,"column":8},"end":{"line":76,"column":60}},"24":{"start":{"line":88,"column":8},"end":{"line":88,"column":36}},"25":{"start":{"line":89,"column":8},"end":{"line":91,"column":48}},"26":{"start":{"line":100,"column":8},"end":{"line":100,"column":60}},"27":{"start":{"line":101,"column":8},"end":{"line":102,"column":56}},"28":{"start":{"line":111,"column":8},"end":{"line":111,"column":45}},"29":{"start":{"line":112,"column":8},"end":{"line":115,"column":51}},"30":{"start":{"line":114,"column":24},"end":{"line":114,"column":42}},"31":{"start":{"line":124,"column":8},"end":{"line":124,"column":48}},"32":{"start":{"line":125,"column":8},"end":{"line":131,"column":54}},"33":{"start":{"line":128,"column":16},"end":{"line":128,"column":56}},"34":{"start":{"line":129,"column":16},"end":{"line":129,"column":44}},"35":{"start":{"line":140,"column":8},"end":{"line":140,"column":48}},"36":{"start":{"line":141,"column":8},"end":{"line":147,"column":60}},"37":{"start":{"line":144,"column":16},"end":{"line":144,"column":56}},"38":{"start":{"line":145,"column":16},"end":{"line":145,"column":44}},"39":{"start":{"line":157,"column":16},"end":{"line":157,"column":37}},"40":{"start":{"line":158,"column":8},"end":{"line":158,"column":45}},"41":{"start":{"line":158,"column":19},"end":{"line":158,"column":43}},"42":{"start":{"line":159,"column":8},"end":{"line":159,"column":47}},"43":{"start":{"line":160,"column":8},"end":{"line":166,"column":52}},"44":{"start":{"line":163,"column":16},"end":{"line":163,"column":56}},"45":{"start":{"line":164,"column":16},"end":{"line":164,"column":44}},"46":{"start":{"line":175,"column":22},"end":{"line":175,"column":43}},"47":{"start":{"line":176,"column":8},"end":{"line":176,"column":82}},"48":{"start":{"line":176,"column":26},"end":{"line":176,"column":80}},"49":{"start":{"line":177,"column":8},"end":{"line":177,"column":54}},"50":{"start":{"line":178,"column":8},"end":{"line":183,"column":54}},"51":{"start":{"line":180,"column":16},"end":{"line":180,"column":95}},"52":{"start":{"line":181,"column":16},"end":{"line":181,"column":57}},"53":{"start":{"line":192,"column":8},"end":{"line":192,"column":52}},"54":{"start":{"line":193,"column":8},"end":{"line":196,"column":59}},"55":{"start":{"line":195,"column":24},"end":{"line":195,"column":62}},"56":{"start":{"line":205,"column":8},"end":{"line":205,"column":48}},"57":{"start":{"line":206,"column":8},"end":{"line":208,"column":55}},"58":{"start":{"line":217,"column":8},"end":{"line":217,"column":36}},"59":{"start":{"line":218,"column":8},"end":{"line":220,"column":54}},"60":{"start":{"line":228,"column":8},"end":{"line":228,"column":35}},"61":{"start":{"line":229,"column":8},"end":{"line":231,"column":48}}},"fnMap":{"0":{"name":"(anonymous_0)","decl":{"start":{"line":19,"column":24},"end":{"line":19,"column":25}},"loc":{"start":{"line":19,"column":39},"end":{"line":30,"column":1}}},"1":{"name":"(anonymous_1)","decl":{"start":{"line":20,"column":11},"end":{"line":20,"column":12}},"loc":{"start":{"line":20,"column":63},"end":{"line":29,"column":5}}},"2":{"name":"(anonymous_2)","decl":{"start":{"line":36,"column":21},"end":{"line":36,"column":22}},"loc":{"start":{"line":36,"column":36},"end":{"line":41,"column":1}}},"3":{"name":"(anonymous_3)","decl":{"start":{"line":37,"column":11},"end":{"line":37,"column":12}},"loc":{"start":{"line":37,"column":60},"end":{"line":40,"column":5}}},"4":{"name":"(anonymous_4)","decl":{"start":{"line":57,"column":17},"end":{"line":57,"column":18}},"loc":{"start":{"line":57,"column":91},"end":{"line":62,"column":5}}},"5":{"name":"(anonymous_5)","decl":{"start":{"line":72,"column":15},"end":{"line":72,"column":16}},"loc":{"start":{"line":72,"column":95},"end":{"line":77,"column":5}}},"6":{"name":"(anonymous_6)","decl":{"start":{"line":87,"column":14},"end":{"line":87,"column":15}},"loc":{"start":{"line":87,"column":41},"end":{"line":92,"column":5}}},"7":{"name":"(anonymous_7)","decl":{"start":{"line":99,"column":14},"end":{"line":99,"column":15}},"loc":{"start":{"line":99,"column":46},"end":{"line":103,"column":5}}},"8":{"name":"(anonymous_8)","decl":{"start":{"line":110,"column":9},"end":{"line":110,"column":10}},"loc":{"start":{"line":110,"column":38},"end":{"line":116,"column":5}}},"9":{"name":"(anonymous_9)","decl":{"start":{"line":114,"column":18},"end":{"line":114,"column":20}},"loc":{"start":{"line":114,"column":24},"end":{"line":114,"column":42}}},"10":{"name":"(anonymous_10)","decl":{"start":{"line":123,"column":12},"end":{"line":123,"column":13}},"loc":{"start":{"line":123,"column":41},"end":{"line":132,"column":5}}},"11":{"name":"(anonymous_11)","decl":{"start":{"line":127,"column":18},"end":{"line":127,"column":23}},"loc":{"start":{"line":127,"column":27},"end":{"line":130,"column":13}}},"12":{"name":"(anonymous_12)","decl":{"start":{"line":139,"column":18},"end":{"line":139,"column":19}},"loc":{"start":{"line":139,"column":47},"end":{"line":148,"column":5}}},"13":{"name":"(anonymous_13)","decl":{"start":{"line":143,"column":18},"end":{"line":143,"column":23}},"loc":{"start":{"line":143,"column":27},"end":{"line":146,"column":13}}},"14":{"name":"(anonymous_14)","decl":{"start":{"line":156,"column":10},"end":{"line":156,"column":11}},"loc":{"start":{"line":156,"column":39},"end":{"line":167,"column":5}}},"15":{"name":"(anonymous_15)","decl":{"start":{"line":162,"column":18},"end":{"line":162,"column":23}},"loc":{"start":{"line":162,"column":27},"end":{"line":165,"column":13}}},"16":{"name":"(anonymous_16)","decl":{"start":{"line":174,"column":15},"end":{"line":174,"column":16}},"loc":{"start":{"line":174,"column":44},"end":{"line":184,"column":5}}},"17":{"name":"(anonymous_17)","decl":{"start":{"line":179,"column":18},"end":{"line":179,"column":23}},"loc":{"start":{"line":179,"column":27},"end":{"line":182,"column":17}}},"18":{"name":"(anonymous_18)","decl":{"start":{"line":191,"column":19},"end":{"line":191,"column":20}},"loc":{"start":{"line":191,"column":49},"end":{"line":197,"column":5}}},"19":{"name":"(anonymous_19)","decl":{"start":{"line":195,"column":18},"end":{"line":195,"column":20}},"loc":{"start":{"line":195,"column":24},"end":{"line":195,"column":62}}},"20":{"name":"(anonymous_20)","decl":{"start":{"line":204,"column":15},"end":{"line":204,"column":16}},"loc":{"start":{"line":204,"column":45},"end":{"line":209,"column":5}}},"21":{"name":"(anonymous_21)","decl":{"start":{"line":216,"column":15},"end":{"line":216,"column":30}},"loc":{"start":{"line":216,"column":33},"end":{"line":221,"column":5}}},"22":{"name":"(anonymous_22)","decl":{"start":{"line":227,"column":13},"end":{"line":227,"column":28}},"loc":{"start":{"line":227,"column":31},"end":{"line":232,"column":5}}}},"branchMap":{"0":{"loc":{"start":{"line":21,"column":8},"end":{"line":21,"column":99}},"type":"if","locations":[{"start":{"line":21,"column":8},"end":{"line":21,"column":99}},{"start":{"line":21,"column":8},"end":{"line":21,"column":99}}]},"1":{"loc":{"start":{"line":22,"column":8},"end":{"line":28,"column":9}},"type":"if","locations":[{"start":{"line":22,"column":8},"end":{"line":28,"column":9}},{"start":{"line":22,"column":8},"end":{"line":28,"column":9}}]},"2":{"loc":{"start":{"line":58,"column":98},"end":{"line":58,"column":116}},"type":"cond-expr","locations":[{"start":{"line":58,"column":98},"end":{"line":58,"column":116}},{"start":{"line":58,"column":117},"end":{"line":58,"column":118}}]},"3":{"loc":{"start":{"line":72,"column":53},"end":{"line":72,"column":55}},"type":"default-arg","locations":[{"start":{"line":72,"column":53},"end":{"line":72,"column":55}}]},"4":{"loc":{"start":{"line":73,"column":118},"end":{"line":73,"column":136}},"type":"cond-expr","locations":[{"start":{"line":73,"column":118},"end":{"line":73,"column":136}},{"start":{"line":73,"column":137},"end":{"line":73,"column":138}}]},"5":{"loc":{"start":{"line":129,"column":31},"end":{"line":129,"column":35}},"type":"cond-expr","locations":[{"start":{"line":129,"column":31},"end":{"line":129,"column":35}},{"start":{"line":129,"column":38},"end":{"line":129,"column":43}}]},"6":{"loc":{"start":{"line":145,"column":31},"end":{"line":145,"column":35}},"type":"cond-expr","locations":[{"start":{"line":145,"column":31},"end":{"line":145,"column":35}},{"start":{"line":145,"column":38},"end":{"line":145,"column":43}}]},"7":{"loc":{"start":{"line":158,"column":8},"end":{"line":158,"column":45}},"type":"if","locations":[{"start":{"line":158,"column":8},"end":{"line":158,"column":45}},{"start":{"line":158,"column":8},"end":{"line":158,"column":45}}]},"8":{"loc":{"start":{"line":164,"column":31},"end":{"line":164,"column":36}},"type":"cond-expr","locations":[{"start":{"line":164,"column":31},"end":{"line":164,"column":36}},{"start":{"line":164,"column":39},"end":{"line":164,"column":43}}]},"9":{"loc":{"start":{"line":176,"column":8},"end":{"line":176,"column":82}},"type":"if","locations":[{"start":{"line":176,"column":8},"end":{"line":176,"column":82}},{"start":{"line":176,"column":8},"end":{"line":176,"column":82}}]}},"s":{"0":1,"1":1,"2":1,"3":1,"4":1,"5":1,"6":1,"7":7,"8":6,"9":0,"10":6,"11":6,"12":6,"13":0,"14":0,"15":1,"16":8,"17":1,"18":1,"19":1,"20":0,"21":0,"22":0,"23":0,"24":0,"25":0,"26":0,"27":0,"28":1,"29":1,"30":1,"31":2,"32":2,"33":2,"34":2,"35":0,"36":0,"37":0,"38":0,"39":1,"40":1,"41":0,"42":1,"43":1,"44":1,"45":1,"46":1,"47":1,"48":0,"49":1,"50":1,"51":1,"52":1,"53":1,"54":1,"55":0,"56":1,"57":1,"58":1,"59":1,"60":0,"61":0},"f":{"0":7,"1":6,"2":8,"3":1,"4":0,"5":0,"6":0,"7":0,"8":1,"9":1,"10":2,"11":2,"12":0,"13":0,"14":1,"15":1,"16":1,"17":1,"18":1,"19":0,"20":1,"21":1,"22":0},"b":{"0":[0,6],"1":[6,0],"2":[0,0],"3":[0],"4":[0,0],"5":[2,0],"6":[0,0],"7":[0,1],"8":[1,0],"9":[0,1]}}
,"/Users/sth1pal/Documents/Development/JavaScript/nodejs/ts6/dev/hsLibs/node/hsOsaES6/src/osaLib.ts": {"path":"/Users/sth1pal/Documents/Development/JavaScript/nodejs/ts6/dev/hsLibs/node/hsOsaES6/src/osaLib.ts","statementMap":{"0":{"start":{"line":2,"column":0},"end":{"line":2,"column":33}},"1":{"start":{"line":3,"column":12},"end":{"line":3,"column":32}},"2":{"start":{"line":4,"column":13},"end":{"line":4,"column":43}},"3":{"start":{"line":11,"column":25},"end":{"line":11,"column":37}},"4":{"start":{"line":12,"column":25},"end":{"line":12,"column":38}},"5":{"start":{"line":15,"column":16},"end":{"line":15,"column":88}},"6":{"start":{"line":16,"column":20},"end":{"line":16,"column":37}},"7":{"start":{"line":17,"column":4},"end":{"line":17,"column":55}},"8":{"start":{"line":14,"column":0},"end":{"line":18,"column":1}},"9":{"start":{"line":30,"column":21},"end":{"line":30,"column":68}},"10":{"start":{"line":30,"column":35},"end":{"line":30,"column":57}},"11":{"start":{"line":31,"column":4},"end":{"line":31,"column":48}},"12":{"start":{"line":34,"column":28},"end":{"line":41,"column":23}},"13":{"start":{"line":45,"column":4},"end":{"line":45,"column":38}},"14":{"start":{"line":46,"column":31},"end":{"line":46,"column":118}},"15":{"start":{"line":47,"column":24},"end":{"line":52,"column":27}},"16":{"start":{"line":52,"column":18},"end":{"line":52,"column":26}},"17":{"start":{"line":53,"column":24},"end":{"line":53,"column":101}},"18":{"start":{"line":53,"column":74},"end":{"line":53,"column":91}},"19":{"start":{"line":55,"column":4},"end":{"line":55,"column":29}},"20":{"start":{"line":57,"column":4},"end":{"line":66,"column":11}},"21":{"start":{"line":59,"column":30},"end":{"line":59,"column":56}},"22":{"start":{"line":60,"column":12},"end":{"line":60,"column":63}},"23":{"start":{"line":63,"column":26},"end":{"line":63,"column":83}},"24":{"start":{"line":64,"column":28},"end":{"line":64,"column":124}},"25":{"start":{"line":65,"column":12},"end":{"line":65,"column":33}},"26":{"start":{"line":24,"column":0},"end":{"line":67,"column":1}}},"fnMap":{"0":{"name":"extractLogs","decl":{"start":{"line":14,"column":16},"end":{"line":14,"column":27}},"loc":{"start":{"line":14,"column":42},"end":{"line":18,"column":1}}},"1":{"name":"osaJS","decl":{"start":{"line":24,"column":16},"end":{"line":24,"column":21}},"loc":{"start":{"line":24,"column":54},"end":{"line":67,"column":1}}},"2":{"name":"(anonymous_2)","decl":{"start":{"line":30,"column":30},"end":{"line":30,"column":31}},"loc":{"start":{"line":30,"column":35},"end":{"line":30,"column":57}}},"3":{"name":"(anonymous_3)","decl":{"start":{"line":52,"column":13},"end":{"line":52,"column":14}},"loc":{"start":{"line":52,"column":18},"end":{"line":52,"column":26}}},"4":{"name":"(anonymous_4)","decl":{"start":{"line":53,"column":69},"end":{"line":53,"column":70}},"loc":{"start":{"line":53,"column":74},"end":{"line":53,"column":91}}},"5":{"name":"(anonymous_5)","decl":{"start":{"line":58,"column":14},"end":{"line":58,"column":15}},"loc":{"start":{"line":58,"column":56},"end":{"line":61,"column":9}}},"6":{"name":"(anonymous_6)","decl":{"start":{"line":62,"column":15},"end":{"line":62,"column":16}},"loc":{"start":{"line":62,"column":27},"end":{"line":66,"column":9}}}},"branchMap":{"0":{"loc":{"start":{"line":17,"column":20},"end":{"line":17,"column":47}},"type":"cond-expr","locations":[{"start":{"line":17,"column":20},"end":{"line":17,"column":47}},{"start":{"line":17,"column":50},"end":{"line":17,"column":54}}]},"1":{"loc":{"start":{"line":64,"column":36},"end":{"line":64,"column":41}},"type":"cond-expr","locations":[{"start":{"line":64,"column":36},"end":{"line":64,"column":41}},{"start":{"line":64,"column":44},"end":{"line":64,"column":124}}]}},"s":{"0":1,"1":1,"2":1,"3":1,"4":1,"5":6,"6":6,"7":6,"8":1,"9":7,"10":6,"11":7,"12":7,"13":7,"14":7,"15":7,"16":56,"17":7,"18":56,"19":7,"20":7,"21":6,"22":6,"23":1,"24":1,"25":1,"26":1},"f":{"0":6,"1":7,"2":6,"3":56,"4":56,"5":6,"6":1},"b":{"0":[0,6],"1":[0,1]}}
}
