TN:
SF:/Users/sth1pal/Documents/Development/JavaScript/nodejs/ts6/dev/hsLibs/node/hsOsaES6/src/osaCommands.ts
FN:18,(anonymous_0)
FN:19,(anonymous_1)
FN:35,(anonymous_2)
FN:36,(anonymous_3)
FN:56,(anonymous_4)
FN:71,(anonymous_5)
FN:86,(anonymous_6)
FN:98,(anonymous_7)
FN:109,(anonymous_8)
FN:113,(anonymous_9)
FN:122,(anonymous_10)
FN:126,(anonymous_11)
FN:138,(anonymous_12)
FN:142,(anonymous_13)
FN:155,(anonymous_14)
FN:161,(anonymous_15)
FN:173,(anonymous_16)
FN:178,(anonymous_17)
FN:190,(anonymous_18)
FN:202,(anonymous_19)
FN:214,(anonymous_20)
FN:225,(anonymous_21)
FNF:22
FNH:13
FNDA:6,(anonymous_0)
FNDA:5,(anonymous_1)
FNDA:7,(anonymous_2)
FNDA:1,(anonymous_3)
FNDA:0,(anonymous_4)
FNDA:0,(anonymous_5)
FNDA:0,(anonymous_6)
FNDA:0,(anonymous_7)
FNDA:0,(anonymous_8)
FNDA:0,(anonymous_9)
FNDA:2,(anonymous_10)
FNDA:2,(anonymous_11)
FNDA:0,(anonymous_12)
FNDA:0,(anonymous_13)
FNDA:1,(anonymous_14)
FNDA:1,(anonymous_15)
FNDA:1,(anonymous_16)
FNDA:1,(anonymous_17)
FNDA:1,(anonymous_18)
FNDA:1,(anonymous_19)
FNDA:1,(anonymous_20)
FNDA:0,(anonymous_21)
DA:7,1
DA:8,1
DA:9,1
DA:10,1
DA:18,1
DA:19,6
DA:20,5
DA:21,5
DA:22,5
DA:23,5
DA:25,0
DA:26,0
DA:35,1
DA:36,7
DA:37,1
DA:38,1
DA:49,1
DA:57,0
DA:58,0
DA:72,0
DA:73,0
DA:87,0
DA:88,0
DA:99,0
DA:100,0
DA:110,0
DA:111,0
DA:113,0
DA:123,2
DA:124,2
DA:127,2
DA:128,2
DA:139,0
DA:140,0
DA:143,0
DA:144,0
DA:156,1
DA:157,1
DA:158,1
DA:159,1
DA:162,1
DA:163,1
DA:174,1
DA:175,1
DA:176,1
DA:177,1
DA:179,1
DA:180,1
DA:191,1
DA:192,1
DA:203,1
DA:204,1
DA:215,1
DA:216,1
DA:226,0
DA:227,0
LF:56
LH:37
BRDA:20,0,0,0
BRDA:20,0,1,5
BRDA:21,1,0,5
BRDA:21,1,1,0
BRDA:57,2,0,0
BRDA:57,2,1,0
BRDA:71,3,0,0
BRDA:72,4,0,0
BRDA:72,4,1,0
BRDA:128,5,0,2
BRDA:128,5,1,0
BRDA:144,6,0,0
BRDA:144,6,1,0
BRDA:157,7,0,0
BRDA:157,7,1,1
BRDA:163,8,0,1
BRDA:163,8,1,0
BRDA:175,9,0,0
BRDA:175,9,1,1
BRF:19
BRH:6
end_of_record
TN:
SF:/Users/sth1pal/Documents/Development/JavaScript/nodejs/ts6/dev/hsLibs/node/hsOsaES6/src/osaLib.ts
FN:13,extractLogs
FN:23,osaJS
FN:29,(anonymous_2)
FN:51,(anonymous_3)
FN:52,(anonymous_4)
FN:57,(anonymous_5)
FN:61,(anonymous_6)
FNF:7
FNH:7
FNDA:5,extractLogs
FNDA:6,osaJS
FNDA:5,(anonymous_2)
FNDA:48,(anonymous_3)
FNDA:48,(anonymous_4)
FNDA:5,(anonymous_5)
FNDA:1,(anonymous_6)
DA:2,1
DA:3,1
DA:10,1
DA:11,1
DA:13,1
DA:14,5
DA:15,5
DA:16,5
DA:23,1
DA:29,6
DA:30,6
DA:33,6
DA:44,6
DA:45,6
DA:46,6
DA:51,48
DA:52,48
DA:54,6
DA:56,6
DA:58,5
DA:59,5
DA:62,1
DA:63,1
DA:64,1
LF:24
LH:24
BRDA:16,0,0,0
BRDA:16,0,1,5
BRDA:63,1,0,0
BRDA:63,1,1,1
BRF:4
BRH:2
end_of_record
