TN:
SF:/Users/sth1pal/Documents/Development/JavaScript/nodejs/ts6/dev/hsLibs/node/hsOsaES6/src/osaCommands.ts
FN:19,(anonymous_0)
FN:20,(anonymous_1)
FN:36,(anonymous_2)
FN:37,(anonymous_3)
FN:57,(anonymous_4)
FN:72,(anonymous_5)
FN:87,(anonymous_6)
FN:99,(anonymous_7)
FN:110,(anonymous_8)
FN:114,(anonymous_9)
FN:123,(anonymous_10)
FN:127,(anonymous_11)
FN:139,(anonymous_12)
FN:143,(anonymous_13)
FN:156,(anonymous_14)
FN:162,(anonymous_15)
FN:174,(anonymous_16)
FN:179,(anonymous_17)
FN:191,(anonymous_18)
FN:195,(anonymous_19)
FN:204,(anonymous_20)
FN:216,(anonymous_21)
FN:227,(anonymous_22)
FNF:23
FNH:15
FNDA:7,(anonymous_0)
FNDA:6,(anonymous_1)
FNDA:8,(anonymous_2)
FNDA:1,(anonymous_3)
FNDA:0,(anonymous_4)
FNDA:0,(anonymous_5)
FNDA:0,(anonymous_6)
FNDA:0,(anonymous_7)
FNDA:1,(anonymous_8)
FNDA:1,(anonymous_9)
FNDA:2,(anonymous_10)
FNDA:2,(anonymous_11)
FNDA:0,(anonymous_12)
FNDA:0,(anonymous_13)
FNDA:1,(anonymous_14)
FNDA:1,(anonymous_15)
FNDA:1,(anonymous_16)
FNDA:1,(anonymous_17)
FNDA:1,(anonymous_18)
FNDA:0,(anonymous_19)
FNDA:1,(anonymous_20)
FNDA:1,(anonymous_21)
FNDA:0,(anonymous_22)
DA:7,1
DA:8,1
DA:9,1
DA:10,1
DA:12,1
DA:19,1
DA:20,7
DA:21,6
DA:22,6
DA:23,6
DA:24,6
DA:26,0
DA:27,0
DA:36,1
DA:37,8
DA:38,1
DA:39,1
DA:50,1
DA:58,0
DA:59,0
DA:73,0
DA:74,0
DA:88,0
DA:89,0
DA:100,0
DA:101,0
DA:111,1
DA:112,1
DA:114,1
DA:124,2
DA:125,2
DA:128,2
DA:129,2
DA:140,0
DA:141,0
DA:144,0
DA:145,0
DA:157,1
DA:158,1
DA:159,1
DA:160,1
DA:163,1
DA:164,1
DA:175,1
DA:176,1
DA:177,1
DA:178,1
DA:180,1
DA:181,1
DA:192,1
DA:193,1
DA:195,0
DA:205,1
DA:206,1
DA:217,1
DA:218,1
DA:228,0
DA:229,0
LF:58
LH:41
BRDA:21,0,0,0
BRDA:21,0,1,6
BRDA:22,1,0,6
BRDA:22,1,1,0
BRDA:58,2,0,0
BRDA:58,2,1,0
BRDA:72,3,0,0
BRDA:73,4,0,0
BRDA:73,4,1,0
BRDA:129,5,0,2
BRDA:129,5,1,0
BRDA:145,6,0,0
BRDA:145,6,1,0
BRDA:158,7,0,0
BRDA:158,7,1,1
BRDA:164,8,0,1
BRDA:164,8,1,0
BRDA:176,9,0,0
BRDA:176,9,1,1
BRF:19
BRH:6
end_of_record
TN:
SF:/Users/sth1pal/Documents/Development/JavaScript/nodejs/ts6/dev/hsLibs/node/hsOsaES6/src/osaLib.ts
FN:14,extractLogs
FN:24,osaJS
FN:30,(anonymous_2)
FN:52,(anonymous_3)
FN:53,(anonymous_4)
FN:58,(anonymous_5)
FN:62,(anonymous_6)
FNF:7
FNH:7
FNDA:6,extractLogs
FNDA:7,osaJS
FNDA:6,(anonymous_2)
FNDA:56,(anonymous_3)
FNDA:56,(anonymous_4)
FNDA:6,(anonymous_5)
FNDA:1,(anonymous_6)
DA:2,1
DA:3,1
DA:4,1
DA:11,1
DA:12,1
DA:14,1
DA:15,6
DA:16,6
DA:17,6
DA:24,1
DA:30,7
DA:31,7
DA:34,7
DA:45,7
DA:46,7
DA:47,7
DA:52,56
DA:53,56
DA:55,7
DA:57,7
DA:59,6
DA:60,6
DA:63,1
DA:64,1
DA:65,1
LF:25
LH:25
BRDA:17,0,0,0
BRDA:17,0,1,6
BRDA:64,1,0,0
BRDA:64,1,1,1
BRF:4
BRH:2
end_of_record
